<?xml version="1.0" encoding="UTF-8"?>
<testng-results skipped="0" failed="0" total="5" passed="5">
  <reporter-output>
  </reporter-output>
  <suite name="FirstSuite" duration-ms="22810" started-at="2020-01-12T11:13:26Z" finished-at="2020-01-12T11:13:49Z">
    <groups>
    </groups>
    <test name="Test1" duration-ms="22810" started-at="2020-01-12T11:13:26Z" finished-at="2020-01-12T11:13:49Z">
      <class name="com.lingualeo.Test1">
        <test-method status="PASS" signature="loginLinguaLeo()[pri:0, instance:com.lingualeo.Test1@1877ab81]" name="loginLinguaLeo" duration-ms="8220" started-at="2020-01-12T13:13:26Z" finished-at="2020-01-12T13:13:35Z">
          <reporter-output>
          </reporter-output>
        </test-method> <!-- loginLinguaLeo -->
        <test-method status="PASS" signature="print()[pri:0, instance:com.lingualeo.Test1@1877ab81]" name="print" duration-ms="4195" started-at="2020-01-12T13:13:35Z" finished-at="2020-01-12T13:13:39Z">
          <reporter-output>
          </reporter-output>
        </test-method> <!-- print -->
        <test-method status="PASS" signature="goToGoogle()[pri:0, instance:com.lingualeo.Test1@1877ab81]" name="goToGoogle" duration-ms="9870" started-at="2020-01-12T13:13:39Z" depends-on-methods="com.lingualeo.Test1.print" finished-at="2020-01-12T13:13:49Z">
          <reporter-output>
          </reporter-output>
        </test-method> <!-- goToGoogle -->
        <test-method status="PASS" signature="getGoogleTranslates()[pri:0, instance:com.lingualeo.Test1@1877ab81]" name="getGoogleTranslates" duration-ms="277" started-at="2020-01-12T13:13:49Z" depends-on-methods="com.lingualeo.Test1.goToGoogle" finished-at="2020-01-12T13:13:49Z">
          <reporter-output>
          </reporter-output>
        </test-method> <!-- getGoogleTranslates -->
        <test-method status="PASS" signature="enterCorrectResult()[pri:0, instance:com.lingualeo.Test1@1877ab81]" name="enterCorrectResult" duration-ms="222" started-at="2020-01-12T13:13:49Z" depends-on-methods="com.lingualeo.Test1.getGoogleTranslates" finished-at="2020-01-12T13:13:49Z">
          <reporter-output>
          </reporter-output>
        </test-method> <!-- enterCorrectResult -->
      </class> <!-- com.lingualeo.Test1 -->
      <class name="com.lingualeo.Base">
        <test-method status="PASS" signature="setWebDriver()[pri:0, instance:com.lingualeo.Base@6ee52dcd]" name="setWebDriver" is-config="true" duration-ms="1577" started-at="2020-01-12T13:13:25Z" finished-at="2020-01-12T13:13:26Z">
          <reporter-output>
          </reporter-output>
        </test-method> <!-- setWebDriver -->
      </class> <!-- com.lingualeo.Base -->
    </test> <!-- Test1 -->
  </suite> <!-- FirstSuite -->
</testng-results>
